Arguments: 
  /Users/ocampco/.nvm/versions/node/v7.2.1/bin/node /Users/ocampco/.nvm/versions/node/v7.2.1/bin/yarn add lodash/flatmap

PATH: 
  /Users/ocampco/.nvm/versions/node/v7.2.1/bin:/usr/local/bin:/usr/bin:/bin:/usr/sbin:/sbin

Yarn version: 
  0.22.0

Node version: 
  7.2.1

Platform: 
  darwin x64

npm manifest: 
  {
    "name": "streeter-bff",
    "version": "1.0.0",
    "license": "REA",
    "private": true,
    "engines": {
      "node": "7.9.0"
    },
    "scripts": {
      "start": "node ./server.js"
    },
    "dependencies": {
      "express": "^4.15.2",
      "isomorphic-fetch": "^2.2.1"
    }
  }

yarn manifest: 
  No manifest

Lockfile: 
  No lockfile

Trace: 
  Error: Error connecting to repository. Please, check the url.
      at /Users/ocampco/.nvm/versions/node/v7.2.1/lib/node_modules/yarn/lib/resolvers/exotics/hosted-git-resolver.js:162:15
      at Generator.next (<anonymous>)
      at step (/Users/ocampco/.nvm/versions/node/v7.2.1/lib/node_modules/yarn/node_modules/babel-runtime/helpers/asyncToGenerator.js:17:30)
      at /Users/ocampco/.nvm/versions/node/v7.2.1/lib/node_modules/yarn/node_modules/babel-runtime/helpers/asyncToGenerator.js:28:13
      at process._tickCallback (internal/process/next_tick.js:103:7)
